2023-06-05 21:46:15.142 INFO  com.example.member.MemberApplication              :51   [32m                  [0;39m Starting MemberApplication using Java 17.0.7 with PID 5630 (/Users/liuyimin/IdeaProjects/trainy/member/target/classes started by liuyimin in /Users/liuyimin/IdeaProjects/trainy)
2023-06-05 21:46:15.145 INFO  com.example.member.MemberApplication              :630  [32m                  [0;39m No active profile set, falling back to 1 default profile: "default"
2023-06-05 21:46:15.198 INFO  o.s.b.d.env.DevToolsPropertyDefaultsPostProcessor :250  [32m                  [0;39m Devtools property defaults active! Set 'spring.devtools.add-properties' to 'false' to disable
2023-06-05 21:46:15.199 INFO  o.s.b.d.env.DevToolsPropertyDefaultsPostProcessor :250  [32m                  [0;39m For additional web related logging consider setting the 'logging.level.web' property to 'DEBUG'
2023-06-05 21:46:16.007 INFO  o.springframework.cloud.context.scope.GenericScope:282  [32m                  [0;39m BeanFactory id=48127f96-07f5-3ac5-99c5-e6fe52ea15b1
2023-06-05 21:46:16.498 INFO  o.s.boot.web.embedded.tomcat.TomcatWebServer      :114  [32m                  [0;39m Tomcat initialized with port(s): 8080 (http)
2023-06-05 21:46:16.511 INFO  org.apache.coyote.http11.Http11NioProtocol        :173  [32m                  [0;39m Initializing ProtocolHandler ["http-nio-8080"]
2023-06-05 21:46:16.512 INFO  org.apache.catalina.core.StandardService          :173  [32m                  [0;39m Starting service [Tomcat]
2023-06-05 21:46:16.512 INFO  org.apache.catalina.core.StandardEngine           :173  [32m                  [0;39m Starting Servlet engine: [Apache Tomcat/10.1.1]
2023-06-05 21:46:16.575 INFO  o.a.c.core.ContainerBase.[Tomcat].[localhost].[/] :173  [32m                  [0;39m Initializing Spring embedded WebApplicationContext
2023-06-05 21:46:16.576 INFO  o.s.b.w.s.c.ServletWebServerApplicationContext    :291  [32m                  [0;39m Root WebApplicationContext: initialization completed in 1376 ms
2023-06-05 21:46:16.939 INFO  o.s.b.d.autoconfigure.OptionalLiveReloadServer    :59   [32m                  [0;39m LiveReload server is running on port 35729
2023-06-05 21:46:17.004 INFO  org.apache.coyote.http11.Http11NioProtocol        :173  [32m                  [0;39m Starting ProtocolHandler ["http-nio-8080"]
2023-06-05 21:46:17.026 INFO  o.s.boot.web.embedded.tomcat.TomcatWebServer      :226  [32m                  [0;39m Tomcat started on port(s): 8080 (http) with context path ''
2023-06-05 21:46:17.039 INFO  com.example.member.MemberApplication              :57   [32m                  [0;39m Started MemberApplication in 2.353 seconds (process running for 3.339)
2023-06-05 21:48:56.294 INFO  com.example.member.MemberApplication              :51   [32m                  [0;39m Starting MemberApplication using Java 17.0.7 with PID 5646 (/Users/liuyimin/IdeaProjects/trainy/member/target/classes started by liuyimin in /Users/liuyimin/IdeaProjects/trainy)
2023-06-05 21:48:56.296 INFO  com.example.member.MemberApplication              :630  [32m                  [0;39m No active profile set, falling back to 1 default profile: "default"
2023-06-05 21:48:56.333 INFO  o.s.b.d.env.DevToolsPropertyDefaultsPostProcessor :250  [32m                  [0;39m Devtools property defaults active! Set 'spring.devtools.add-properties' to 'false' to disable
2023-06-05 21:48:56.334 INFO  o.s.b.d.env.DevToolsPropertyDefaultsPostProcessor :250  [32m                  [0;39m For additional web related logging consider setting the 'logging.level.web' property to 'DEBUG'
2023-06-05 21:48:56.932 INFO  o.springframework.cloud.context.scope.GenericScope:282  [32m                  [0;39m BeanFactory id=48127f96-07f5-3ac5-99c5-e6fe52ea15b1
2023-06-05 21:48:57.376 INFO  o.s.boot.web.embedded.tomcat.TomcatWebServer      :114  [32m                  [0;39m Tomcat initialized with port(s): 8080 (http)
2023-06-05 21:48:57.384 INFO  org.apache.coyote.http11.Http11NioProtocol        :173  [32m                  [0;39m Initializing ProtocolHandler ["http-nio-8080"]
2023-06-05 21:48:57.385 INFO  org.apache.catalina.core.StandardService          :173  [32m                  [0;39m Starting service [Tomcat]
2023-06-05 21:48:57.386 INFO  org.apache.catalina.core.StandardEngine           :173  [32m                  [0;39m Starting Servlet engine: [Apache Tomcat/10.1.1]
2023-06-05 21:48:57.432 INFO  o.a.c.core.ContainerBase.[Tomcat].[localhost].[/] :173  [32m                  [0;39m Initializing Spring embedded WebApplicationContext
2023-06-05 21:48:57.432 INFO  o.s.b.w.s.c.ServletWebServerApplicationContext    :291  [32m                  [0;39m Root WebApplicationContext: initialization completed in 1098 ms
2023-06-05 21:48:57.762 INFO  o.s.b.d.autoconfigure.OptionalLiveReloadServer    :59   [32m                  [0;39m LiveReload server is running on port 35729
2023-06-05 21:48:57.816 INFO  org.apache.coyote.http11.Http11NioProtocol        :173  [32m                  [0;39m Starting ProtocolHandler ["http-nio-8080"]
2023-06-05 21:48:57.833 INFO  o.s.boot.web.embedded.tomcat.TomcatWebServer      :226  [32m                  [0;39m Tomcat started on port(s): 8080 (http) with context path ''
2023-06-05 21:48:57.845 INFO  com.example.member.MemberApplication              :57   [32m                  [0;39m Started MemberApplication in 1.961 seconds (process running for 2.9)
2023-06-05 22:28:36.353 INFO  com.example.member.MemberApplication              :51   [32m                  [0;39m Starting MemberApplication using Java 17.0.7 with PID 6304 (/Users/liuyimin/IdeaProjects/trainy/member/target/classes started by liuyimin in /Users/liuyimin/IdeaProjects/trainy)
2023-06-05 22:28:36.356 INFO  com.example.member.MemberApplication              :630  [32m                  [0;39m No active profile set, falling back to 1 default profile: "default"
2023-06-05 22:28:36.398 INFO  o.s.b.d.env.DevToolsPropertyDefaultsPostProcessor :250  [32m                  [0;39m Devtools property defaults active! Set 'spring.devtools.add-properties' to 'false' to disable
2023-06-05 22:28:36.398 INFO  o.s.b.d.env.DevToolsPropertyDefaultsPostProcessor :250  [32m                  [0;39m For additional web related logging consider setting the 'logging.level.web' property to 'DEBUG'
2023-06-05 22:28:37.172 INFO  o.springframework.cloud.context.scope.GenericScope:282  [32m                  [0;39m BeanFactory id=09b5e10a-3bd4-32e9-83f4-9d7b87a6dfa1
2023-06-05 22:28:37.677 INFO  o.s.boot.web.embedded.tomcat.TomcatWebServer      :114  [32m                  [0;39m Tomcat initialized with port(s): 8080 (http)
2023-06-05 22:28:37.686 INFO  org.apache.coyote.http11.Http11NioProtocol        :173  [32m                  [0;39m Initializing ProtocolHandler ["http-nio-8080"]
2023-06-05 22:28:37.688 INFO  org.apache.catalina.core.StandardService          :173  [32m                  [0;39m Starting service [Tomcat]
2023-06-05 22:28:37.688 INFO  org.apache.catalina.core.StandardEngine           :173  [32m                  [0;39m Starting Servlet engine: [Apache Tomcat/10.1.1]
2023-06-05 22:28:37.741 INFO  o.a.c.core.ContainerBase.[Tomcat].[localhost].[/] :173  [32m                  [0;39m Initializing Spring embedded WebApplicationContext
2023-06-05 22:28:37.742 INFO  o.s.b.w.s.c.ServletWebServerApplicationContext    :291  [32m                  [0;39m Root WebApplicationContext: initialization completed in 1343 ms
2023-06-05 22:28:38.048 WARN  o.s.b.w.s.c.AnnotationConfigServletWebServerApplicationContext:592  [32m                  [0;39m Exception encountered during context initialization - cancelling refresh attempt: org.springframework.beans.factory.BeanCreationException: Error creating bean with name 'dataSource' defined in class path resource [org/springframework/boot/autoconfigure/jdbc/DataSourceConfiguration$Hikari.class]: Failed to instantiate [com.zaxxer.hikari.HikariDataSource]: Factory method 'dataSource' threw exception with message: Failed to determine a suitable driver class
2023-06-05 22:28:38.051 INFO  org.apache.catalina.core.StandardService          :173  [32m                  [0;39m Stopping service [Tomcat]
2023-06-05 22:28:38.064 INFO  o.s.b.a.logging.ConditionEvaluationReportLogger   :82   [32m                  [0;39m 

Error starting ApplicationContext. To display the condition evaluation report re-run your application with 'debug' enabled.
2023-06-05 22:28:38.087 ERROR o.s.b.diagnostics.LoggingFailureAnalysisReporter  :40   [32m                  [0;39m 

***************************
APPLICATION FAILED TO START
***************************

Description:

Failed to configure a DataSource: 'url' attribute is not specified and no embedded datasource could be configured.

Reason: Failed to determine a suitable driver class


Action:

Consider the following:
	If you want an embedded database (H2, HSQL or Derby), please put it on the classpath.
	If you have database settings to be loaded from a particular profile you may need to activate it (no profiles are currently active).

2023-06-05 22:29:15.758 INFO  com.example.member.MemberApplication              :51   [32m                  [0;39m Starting MemberApplication using Java 17.0.7 with PID 6313 (/Users/liuyimin/IdeaProjects/trainy/member/target/classes started by liuyimin in /Users/liuyimin/IdeaProjects/trainy)
2023-06-05 22:29:15.762 INFO  com.example.member.MemberApplication              :630  [32m                  [0;39m No active profile set, falling back to 1 default profile: "default"
2023-06-05 22:29:15.809 INFO  o.s.b.d.env.DevToolsPropertyDefaultsPostProcessor :250  [32m                  [0;39m Devtools property defaults active! Set 'spring.devtools.add-properties' to 'false' to disable
2023-06-05 22:29:15.809 INFO  o.s.b.d.env.DevToolsPropertyDefaultsPostProcessor :250  [32m                  [0;39m For additional web related logging consider setting the 'logging.level.web' property to 'DEBUG'
2023-06-05 22:29:16.478 INFO  o.springframework.cloud.context.scope.GenericScope:282  [32m                  [0;39m BeanFactory id=09b5e10a-3bd4-32e9-83f4-9d7b87a6dfa1
2023-06-05 22:29:16.949 INFO  o.s.boot.web.embedded.tomcat.TomcatWebServer      :114  [32m                  [0;39m Tomcat initialized with port(s): 8080 (http)
2023-06-05 22:29:16.959 INFO  org.apache.coyote.http11.Http11NioProtocol        :173  [32m                  [0;39m Initializing ProtocolHandler ["http-nio-8080"]
2023-06-05 22:29:16.960 INFO  org.apache.catalina.core.StandardService          :173  [32m                  [0;39m Starting service [Tomcat]
2023-06-05 22:29:16.960 INFO  org.apache.catalina.core.StandardEngine           :173  [32m                  [0;39m Starting Servlet engine: [Apache Tomcat/10.1.1]
2023-06-05 22:29:17.014 INFO  o.a.c.core.ContainerBase.[Tomcat].[localhost].[/] :173  [32m                  [0;39m Initializing Spring embedded WebApplicationContext
2023-06-05 22:29:17.015 INFO  o.s.b.w.s.c.ServletWebServerApplicationContext    :291  [32m                  [0;39m Root WebApplicationContext: initialization completed in 1205 ms
2023-06-05 22:29:17.325 WARN  o.s.b.w.s.c.AnnotationConfigServletWebServerApplicationContext:592  [32m                  [0;39m Exception encountered during context initialization - cancelling refresh attempt: org.springframework.beans.factory.BeanCreationException: Error creating bean with name 'dataSource' defined in class path resource [org/springframework/boot/autoconfigure/jdbc/DataSourceConfiguration$Hikari.class]: Failed to instantiate [com.zaxxer.hikari.HikariDataSource]: Factory method 'dataSource' threw exception with message: Failed to determine a suitable driver class
2023-06-05 22:29:17.328 INFO  org.apache.catalina.core.StandardService          :173  [32m                  [0;39m Stopping service [Tomcat]
2023-06-05 22:29:17.343 INFO  o.s.b.a.logging.ConditionEvaluationReportLogger   :82   [32m                  [0;39m 

Error starting ApplicationContext. To display the condition evaluation report re-run your application with 'debug' enabled.
2023-06-05 22:29:17.366 ERROR o.s.b.diagnostics.LoggingFailureAnalysisReporter  :40   [32m                  [0;39m 

***************************
APPLICATION FAILED TO START
***************************

Description:

Failed to configure a DataSource: 'url' attribute is not specified and no embedded datasource could be configured.

Reason: Failed to determine a suitable driver class


Action:

Consider the following:
	If you want an embedded database (H2, HSQL or Derby), please put it on the classpath.
	If you have database settings to be loaded from a particular profile you may need to activate it (no profiles are currently active).

2023-06-05 22:32:56.803 INFO  com.example.member.MemberApplication              :51   [32m                  [0;39m Starting MemberApplication using Java 17.0.7 with PID 6342 (/Users/liuyimin/IdeaProjects/trainy/member/target/classes started by liuyimin in /Users/liuyimin/IdeaProjects/trainy)
2023-06-05 22:32:56.806 INFO  com.example.member.MemberApplication              :630  [32m                  [0;39m No active profile set, falling back to 1 default profile: "default"
2023-06-05 22:32:56.854 INFO  o.s.b.d.env.DevToolsPropertyDefaultsPostProcessor :250  [32m                  [0;39m Devtools property defaults active! Set 'spring.devtools.add-properties' to 'false' to disable
2023-06-05 22:32:56.854 INFO  o.s.b.d.env.DevToolsPropertyDefaultsPostProcessor :250  [32m                  [0;39m For additional web related logging consider setting the 'logging.level.web' property to 'DEBUG'
2023-06-05 22:32:57.655 INFO  o.springframework.cloud.context.scope.GenericScope:282  [32m                  [0;39m BeanFactory id=09b5e10a-3bd4-32e9-83f4-9d7b87a6dfa1
2023-06-05 22:32:58.216 INFO  o.s.boot.web.embedded.tomcat.TomcatWebServer      :114  [32m                  [0;39m Tomcat initialized with port(s): 8080 (http)
2023-06-05 22:32:58.229 INFO  org.apache.coyote.http11.Http11NioProtocol        :173  [32m                  [0;39m Initializing ProtocolHandler ["http-nio-8080"]
2023-06-05 22:32:58.230 INFO  org.apache.catalina.core.StandardService          :173  [32m                  [0;39m Starting service [Tomcat]
2023-06-05 22:32:58.230 INFO  org.apache.catalina.core.StandardEngine           :173  [32m                  [0;39m Starting Servlet engine: [Apache Tomcat/10.1.1]
2023-06-05 22:32:58.293 INFO  o.a.c.core.ContainerBase.[Tomcat].[localhost].[/] :173  [32m                  [0;39m Initializing Spring embedded WebApplicationContext
2023-06-05 22:32:58.294 INFO  o.s.b.w.s.c.ServletWebServerApplicationContext    :291  [32m                  [0;39m Root WebApplicationContext: initialization completed in 1439 ms
2023-06-05 22:32:58.626 WARN  o.s.b.w.s.c.AnnotationConfigServletWebServerApplicationContext:592  [32m                  [0;39m Exception encountered during context initialization - cancelling refresh attempt: org.springframework.beans.factory.BeanCreationException: Error creating bean with name 'dataSource' defined in class path resource [org/springframework/boot/autoconfigure/jdbc/DataSourceConfiguration$Hikari.class]: Failed to instantiate [com.zaxxer.hikari.HikariDataSource]: Factory method 'dataSource' threw exception with message: Failed to determine a suitable driver class
2023-06-05 22:32:58.629 INFO  org.apache.catalina.core.StandardService          :173  [32m                  [0;39m Stopping service [Tomcat]
2023-06-05 22:32:58.643 INFO  o.s.b.a.logging.ConditionEvaluationReportLogger   :82   [32m                  [0;39m 

Error starting ApplicationContext. To display the condition evaluation report re-run your application with 'debug' enabled.
2023-06-05 22:32:58.664 ERROR o.s.b.diagnostics.LoggingFailureAnalysisReporter  :40   [32m                  [0;39m 

***************************
APPLICATION FAILED TO START
***************************

Description:

Failed to configure a DataSource: 'url' attribute is not specified and no embedded datasource could be configured.

Reason: Failed to determine a suitable driver class


Action:

Consider the following:
	If you want an embedded database (H2, HSQL or Derby), please put it on the classpath.
	If you have database settings to be loaded from a particular profile you may need to activate it (no profiles are currently active).

2023-06-05 22:35:03.139 INFO  com.example.member.MemberApplication              :51   [32m                  [0;39m Starting MemberApplication using Java 17.0.7 with PID 6379 (/Users/liuyimin/IdeaProjects/trainy/member/target/classes started by liuyimin in /Users/liuyimin/IdeaProjects/trainy)
2023-06-05 22:35:03.142 INFO  com.example.member.MemberApplication              :630  [32m                  [0;39m No active profile set, falling back to 1 default profile: "default"
2023-06-05 22:35:03.188 INFO  o.s.b.d.env.DevToolsPropertyDefaultsPostProcessor :250  [32m                  [0;39m Devtools property defaults active! Set 'spring.devtools.add-properties' to 'false' to disable
2023-06-05 22:35:03.189 INFO  o.s.b.d.env.DevToolsPropertyDefaultsPostProcessor :250  [32m                  [0;39m For additional web related logging consider setting the 'logging.level.web' property to 'DEBUG'
2023-06-05 22:35:03.861 INFO  o.springframework.cloud.context.scope.GenericScope:282  [32m                  [0;39m BeanFactory id=32cca682-3992-3681-915e-dc8495973887
2023-06-05 22:35:04.399 INFO  o.s.boot.web.embedded.tomcat.TomcatWebServer      :114  [32m                  [0;39m Tomcat initialized with port(s): 8080 (http)
2023-06-05 22:35:04.411 INFO  org.apache.coyote.http11.Http11NioProtocol        :173  [32m                  [0;39m Initializing ProtocolHandler ["http-nio-8080"]
2023-06-05 22:35:04.412 INFO  org.apache.catalina.core.StandardService          :173  [32m                  [0;39m Starting service [Tomcat]
2023-06-05 22:35:04.413 INFO  org.apache.catalina.core.StandardEngine           :173  [32m                  [0;39m Starting Servlet engine: [Apache Tomcat/10.1.1]
2023-06-05 22:35:04.474 INFO  o.a.c.core.ContainerBase.[Tomcat].[localhost].[/] :173  [32m                  [0;39m Initializing Spring embedded WebApplicationContext
2023-06-05 22:35:04.475 INFO  o.s.b.w.s.c.ServletWebServerApplicationContext    :291  [32m                  [0;39m Root WebApplicationContext: initialization completed in 1285 ms
2023-06-05 22:35:04.805 INFO  o.s.b.d.autoconfigure.OptionalLiveReloadServer    :59   [32m                  [0;39m LiveReload server is running on port 35729
2023-06-05 22:35:04.858 INFO  org.apache.coyote.http11.Http11NioProtocol        :173  [32m                  [0;39m Starting ProtocolHandler ["http-nio-8080"]
2023-06-05 22:35:04.877 INFO  o.s.boot.web.embedded.tomcat.TomcatWebServer      :226  [32m                  [0;39m Tomcat started on port(s): 8080 (http) with context path ''
2023-06-05 22:35:04.888 INFO  com.example.member.MemberApplication              :57   [32m                  [0;39m Started MemberApplication in 2.179 seconds (process running for 3.47)
2023-06-05 22:35:22.222 INFO  o.a.c.core.ContainerBase.[Tomcat].[localhost].[/] :173  [32m                  [0;39m Initializing Spring DispatcherServlet 'dispatcherServlet'
2023-06-05 22:35:22.222 INFO  org.springframework.web.servlet.DispatcherServlet :525  [32m                  [0;39m Initializing Servlet 'dispatcherServlet'
2023-06-05 22:35:22.224 INFO  org.springframework.web.servlet.DispatcherServlet :547  [32m                  [0;39m Completed initialization in 1 ms
2023-06-05 22:38:14.065 INFO  com.example.member.MemberApplication              :51   [32m                  [0;39m Starting MemberApplication using Java 17.0.7 with PID 6413 (/Users/liuyimin/IdeaProjects/trainy/member/target/classes started by liuyimin in /Users/liuyimin/IdeaProjects/trainy)
2023-06-05 22:38:14.070 INFO  com.example.member.MemberApplication              :630  [32m                  [0;39m No active profile set, falling back to 1 default profile: "default"
2023-06-05 22:38:14.128 INFO  o.s.b.d.env.DevToolsPropertyDefaultsPostProcessor :250  [32m                  [0;39m Devtools property defaults active! Set 'spring.devtools.add-properties' to 'false' to disable
2023-06-05 22:38:14.129 INFO  o.s.b.d.env.DevToolsPropertyDefaultsPostProcessor :250  [32m                  [0;39m For additional web related logging consider setting the 'logging.level.web' property to 'DEBUG'
2023-06-05 22:38:14.800 INFO  o.springframework.cloud.context.scope.GenericScope:282  [32m                  [0;39m BeanFactory id=32cca682-3992-3681-915e-dc8495973887
2023-06-05 22:38:15.306 INFO  o.s.boot.web.embedded.tomcat.TomcatWebServer      :114  [32m                  [0;39m Tomcat initialized with port(s): 8080 (http)
2023-06-05 22:38:15.317 INFO  org.apache.coyote.http11.Http11NioProtocol        :173  [32m                  [0;39m Initializing ProtocolHandler ["http-nio-8080"]
2023-06-05 22:38:15.318 INFO  org.apache.catalina.core.StandardService          :173  [32m                  [0;39m Starting service [Tomcat]
2023-06-05 22:38:15.319 INFO  org.apache.catalina.core.StandardEngine           :173  [32m                  [0;39m Starting Servlet engine: [Apache Tomcat/10.1.1]
2023-06-05 22:38:15.385 INFO  o.a.c.core.ContainerBase.[Tomcat].[localhost].[/] :173  [32m                  [0;39m Initializing Spring embedded WebApplicationContext
2023-06-05 22:38:15.386 INFO  o.s.b.w.s.c.ServletWebServerApplicationContext    :291  [32m                  [0;39m Root WebApplicationContext: initialization completed in 1255 ms
2023-06-05 22:38:15.698 INFO  o.s.b.d.autoconfigure.OptionalLiveReloadServer    :59   [32m                  [0;39m LiveReload server is running on port 35729
2023-06-05 22:38:15.747 INFO  org.apache.coyote.http11.Http11NioProtocol        :173  [32m                  [0;39m Starting ProtocolHandler ["http-nio-8080"]
2023-06-05 22:38:15.765 INFO  o.s.boot.web.embedded.tomcat.TomcatWebServer      :226  [32m                  [0;39m Tomcat started on port(s): 8080 (http) with context path ''
2023-06-05 22:38:15.777 INFO  com.example.member.MemberApplication              :57   [32m                  [0;39m Started MemberApplication in 2.211 seconds (process running for 3.371)
2023-06-05 22:40:57.689 INFO  o.s.b.d.a.LocalDevToolsAutoConfiguration$RestartingClassPathChangeChangedEventListener:211  [32m                  [0;39m Restarting due to 15 class path changes (0 additions, 14 deletions, 1 modification)
2023-06-05 22:40:58.704 INFO  org.apache.coyote.http11.Http11NioProtocol        :173  [32m                  [0;39m Pausing ProtocolHandler ["http-nio-8080"]
2023-06-05 22:40:58.704 WARN  org.apache.tomcat.util.net.NioEndpoint            :173  [32m                  [0;39m Failed to unlock acceptor for [http-nio-8080] because the local address was not available
2023-06-05 22:40:58.705 INFO  org.apache.catalina.core.StandardService          :173  [32m                  [0;39m Stopping service [Tomcat]
2023-06-05 22:40:58.704 ERROR org.apache.tomcat.util.net.Acceptor               :175  [32m                  [0;39m Socket accept failed
java.nio.channels.AsynchronousCloseException: null
	at java.base/java.nio.channels.spi.AbstractInterruptibleChannel.end(AbstractInterruptibleChannel.java:202)
	at java.base/sun.nio.ch.ServerSocketChannelImpl.end(ServerSocketChannelImpl.java:376)
	at java.base/sun.nio.ch.ServerSocketChannelImpl.accept(ServerSocketChannelImpl.java:399)
	at org.apache.tomcat.util.net.NioEndpoint.serverSocketAccept(NioEndpoint.java:520)
	at org.apache.tomcat.util.net.NioEndpoint.serverSocketAccept(NioEndpoint.java:79)
	at org.apache.tomcat.util.net.Acceptor.run(Acceptor.java:128)
	at java.base/java.lang.Thread.run(Thread.java:833)
2023-06-05 22:40:58.713 INFO  org.apache.coyote.http11.Http11NioProtocol        :173  [32m                  [0;39m Stopping ProtocolHandler ["http-nio-8080"]
2023-06-05 22:40:58.718 INFO  org.apache.coyote.http11.Http11NioProtocol        :173  [32m                  [0;39m Destroying ProtocolHandler ["http-nio-8080"]
2023-06-05 22:40:58.796 INFO  com.example.member.MemberApplication              :51   [32m                  [0;39m Starting MemberApplication using Java 17.0.7 with PID 6413 (/Users/liuyimin/IdeaProjects/trainy/member/target/classes started by liuyimin in /Users/liuyimin/IdeaProjects/trainy)
2023-06-05 22:40:58.796 INFO  com.example.member.MemberApplication              :630  [32m                  [0;39m No active profile set, falling back to 1 default profile: "default"
2023-06-05 22:40:59.016 INFO  o.springframework.cloud.context.scope.GenericScope:282  [32m                  [0;39m BeanFactory id=32cca682-3992-3681-915e-dc8495973887
2023-06-05 22:40:59.068 INFO  o.s.boot.web.embedded.tomcat.TomcatWebServer      :114  [32m                  [0;39m Tomcat initialized with port(s): 8080 (http)
2023-06-05 22:40:59.069 INFO  org.apache.coyote.http11.Http11NioProtocol        :173  [32m                  [0;39m Initializing ProtocolHandler ["http-nio-8080"]
2023-06-05 22:40:59.069 INFO  org.apache.catalina.core.StandardService          :173  [32m                  [0;39m Starting service [Tomcat]
2023-06-05 22:40:59.069 INFO  org.apache.catalina.core.StandardEngine           :173  [32m                  [0;39m Starting Servlet engine: [Apache Tomcat/10.1.1]
2023-06-05 22:40:59.080 INFO  o.a.c.core.ContainerBase.[Tomcat].[localhost].[/] :173  [32m                  [0;39m Initializing Spring embedded WebApplicationContext
2023-06-05 22:40:59.081 INFO  o.s.b.w.s.c.ServletWebServerApplicationContext    :291  [32m                  [0;39m Root WebApplicationContext: initialization completed in 281 ms
2023-06-05 22:40:59.150 INFO  o.s.b.d.autoconfigure.OptionalLiveReloadServer    :59   [32m                  [0;39m LiveReload server is running on port 35729
2023-06-05 22:40:59.176 INFO  org.apache.coyote.http11.Http11NioProtocol        :173  [32m                  [0;39m Starting ProtocolHandler ["http-nio-8080"]
2023-06-05 22:40:59.178 INFO  o.s.boot.web.embedded.tomcat.TomcatWebServer      :226  [32m                  [0;39m Tomcat started on port(s): 8080 (http) with context path ''
2023-06-05 22:40:59.185 INFO  com.example.member.MemberApplication              :57   [32m                  [0;39m Started MemberApplication in 0.433 seconds (process running for 166.771)
2023-06-05 22:40:59.187 INFO  o.s.b.d.a.ConditionEvaluationDeltaLoggingListener :63   [32m                  [0;39m Condition evaluation unchanged
2023-06-05 22:41:00.565 INFO  o.s.b.d.a.LocalDevToolsAutoConfiguration$RestartingClassPathChangeChangedEventListener:211  [32m                  [0;39m Restarting due to 14 class path changes (14 additions, 0 deletions, 0 modifications)
2023-06-05 22:41:01.572 INFO  org.apache.coyote.http11.Http11NioProtocol        :173  [32m                  [0;39m Pausing ProtocolHandler ["http-nio-8080"]
2023-06-05 22:41:01.572 ERROR org.apache.tomcat.util.net.Acceptor               :175  [32m                  [0;39m Socket accept failed
java.nio.channels.AsynchronousCloseException: null
	at java.base/java.nio.channels.spi.AbstractInterruptibleChannel.end(AbstractInterruptibleChannel.java:202)
	at java.base/sun.nio.ch.ServerSocketChannelImpl.end(ServerSocketChannelImpl.java:376)
	at java.base/sun.nio.ch.ServerSocketChannelImpl.accept(ServerSocketChannelImpl.java:399)
	at org.apache.tomcat.util.net.NioEndpoint.serverSocketAccept(NioEndpoint.java:520)
	at org.apache.tomcat.util.net.NioEndpoint.serverSocketAccept(NioEndpoint.java:79)
	at org.apache.tomcat.util.net.Acceptor.run(Acceptor.java:128)
	at java.base/java.lang.Thread.run(Thread.java:833)
2023-06-05 22:41:01.573 WARN  org.apache.tomcat.util.net.NioEndpoint            :173  [32m                  [0;39m Failed to unlock acceptor for [http-nio-8080] because the local address was not available
2023-06-05 22:41:01.573 INFO  org.apache.catalina.core.StandardService          :173  [32m                  [0;39m Stopping service [Tomcat]
2023-06-05 22:41:01.576 INFO  org.apache.coyote.http11.Http11NioProtocol        :173  [32m                  [0;39m Stopping ProtocolHandler ["http-nio-8080"]
2023-06-05 22:41:01.578 INFO  org.apache.coyote.http11.Http11NioProtocol        :173  [32m                  [0;39m Destroying ProtocolHandler ["http-nio-8080"]
2023-06-05 22:41:01.654 INFO  com.example.member.MemberApplication              :51   [32m                  [0;39m Starting MemberApplication using Java 17.0.7 with PID 6413 (/Users/liuyimin/IdeaProjects/trainy/member/target/classes started by liuyimin in /Users/liuyimin/IdeaProjects/trainy)
2023-06-05 22:41:01.654 INFO  com.example.member.MemberApplication              :630  [32m                  [0;39m No active profile set, falling back to 1 default profile: "default"
2023-06-05 22:41:01.776 INFO  o.springframework.cloud.context.scope.GenericScope:282  [32m                  [0;39m BeanFactory id=32cca682-3992-3681-915e-dc8495973887
2023-06-05 22:41:01.812 INFO  o.s.boot.web.embedded.tomcat.TomcatWebServer      :114  [32m                  [0;39m Tomcat initialized with port(s): 8080 (http)
2023-06-05 22:41:01.813 INFO  org.apache.coyote.http11.Http11NioProtocol        :173  [32m                  [0;39m Initializing ProtocolHandler ["http-nio-8080"]
2023-06-05 22:41:01.813 INFO  org.apache.catalina.core.StandardService          :173  [32m                  [0;39m Starting service [Tomcat]
2023-06-05 22:41:01.813 INFO  org.apache.catalina.core.StandardEngine           :173  [32m                  [0;39m Starting Servlet engine: [Apache Tomcat/10.1.1]
2023-06-05 22:41:01.827 INFO  o.a.c.core.ContainerBase.[Tomcat].[localhost].[/] :173  [32m                  [0;39m Initializing Spring embedded WebApplicationContext
2023-06-05 22:41:01.827 INFO  o.s.b.w.s.c.ServletWebServerApplicationContext    :291  [32m                  [0;39m Root WebApplicationContext: initialization completed in 171 ms
2023-06-05 22:41:01.885 INFO  o.s.b.d.autoconfigure.OptionalLiveReloadServer    :59   [32m                  [0;39m LiveReload server is running on port 35729
2023-06-05 22:41:01.908 INFO  org.apache.coyote.http11.Http11NioProtocol        :173  [32m                  [0;39m Starting ProtocolHandler ["http-nio-8080"]
2023-06-05 22:41:01.910 INFO  o.s.boot.web.embedded.tomcat.TomcatWebServer      :226  [32m                  [0;39m Tomcat started on port(s): 8080 (http) with context path ''
2023-06-05 22:41:01.916 INFO  com.example.member.MemberApplication              :57   [32m                  [0;39m Started MemberApplication in 0.29 seconds (process running for 169.502)
2023-06-05 22:41:01.917 INFO  o.s.b.d.a.ConditionEvaluationDeltaLoggingListener :63   [32m                  [0;39m Condition evaluation unchanged
2023-06-05 22:49:53.658 INFO  com.example.member.MemberApplication              :51   [32m                  [0;39m Starting MemberApplication using Java 17.0.7 with PID 6499 (/Users/liuyimin/IdeaProjects/trainy/member/target/classes started by liuyimin in /Users/liuyimin/IdeaProjects/trainy)
2023-06-05 22:49:53.661 INFO  com.example.member.MemberApplication              :630  [32m                  [0;39m No active profile set, falling back to 1 default profile: "default"
2023-06-05 22:49:53.707 INFO  o.s.b.d.env.DevToolsPropertyDefaultsPostProcessor :250  [32m                  [0;39m Devtools property defaults active! Set 'spring.devtools.add-properties' to 'false' to disable
2023-06-05 22:49:53.708 INFO  o.s.b.d.env.DevToolsPropertyDefaultsPostProcessor :250  [32m                  [0;39m For additional web related logging consider setting the 'logging.level.web' property to 'DEBUG'
2023-06-05 22:49:54.366 INFO  o.springframework.cloud.context.scope.GenericScope:282  [32m                  [0;39m BeanFactory id=887e33d2-1080-3bbd-ae58-c1a8d69d6f9c
2023-06-05 22:49:55.079 INFO  o.s.boot.web.embedded.tomcat.TomcatWebServer      :114  [32m                  [0;39m Tomcat initialized with port(s): 8080 (http)
2023-06-05 22:49:55.092 INFO  org.apache.coyote.http11.Http11NioProtocol        :173  [32m                  [0;39m Initializing ProtocolHandler ["http-nio-8080"]
2023-06-05 22:49:55.093 INFO  org.apache.catalina.core.StandardService          :173  [32m                  [0;39m Starting service [Tomcat]
2023-06-05 22:49:55.094 INFO  org.apache.catalina.core.StandardEngine           :173  [32m                  [0;39m Starting Servlet engine: [Apache Tomcat/10.1.1]
2023-06-05 22:49:55.155 INFO  o.a.c.core.ContainerBase.[Tomcat].[localhost].[/] :173  [32m                  [0;39m Initializing Spring embedded WebApplicationContext
2023-06-05 22:49:55.155 INFO  o.s.b.w.s.c.ServletWebServerApplicationContext    :291  [32m                  [0;39m Root WebApplicationContext: initialization completed in 1446 ms
2023-06-05 22:49:55.678 INFO  o.s.b.d.autoconfigure.OptionalLiveReloadServer    :59   [32m                  [0;39m LiveReload server is running on port 35729
2023-06-05 22:49:55.748 INFO  org.apache.coyote.http11.Http11NioProtocol        :173  [32m                  [0;39m Starting ProtocolHandler ["http-nio-8080"]
2023-06-05 22:49:55.772 INFO  o.s.boot.web.embedded.tomcat.TomcatWebServer      :226  [32m                  [0;39m Tomcat started on port(s): 8080 (http) with context path ''
2023-06-05 22:49:55.784 INFO  com.example.member.MemberApplication              :57   [32m                  [0;39m Started MemberApplication in 2.582 seconds (process running for 3.532)
2023-06-05 22:50:09.923 INFO  o.a.c.core.ContainerBase.[Tomcat].[localhost].[/] :173  [32m                  [0;39m Initializing Spring DispatcherServlet 'dispatcherServlet'
2023-06-05 22:50:09.924 INFO  org.springframework.web.servlet.DispatcherServlet :525  [32m                  [0;39m Initializing Servlet 'dispatcherServlet'
2023-06-05 22:50:09.926 INFO  org.springframework.web.servlet.DispatcherServlet :547  [32m                  [0;39m Completed initialization in 1 ms
2023-06-05 22:52:18.168 INFO  com.example.member.MemberApplication              :51   [32m                  [0;39m Starting MemberApplication using Java 17.0.7 with PID 6512 (/Users/liuyimin/IdeaProjects/trainy/member/target/classes started by liuyimin in /Users/liuyimin/IdeaProjects/trainy)
2023-06-05 22:52:18.171 INFO  com.example.member.MemberApplication              :630  [32m                  [0;39m No active profile set, falling back to 1 default profile: "default"
2023-06-05 22:52:18.212 INFO  o.s.b.d.env.DevToolsPropertyDefaultsPostProcessor :250  [32m                  [0;39m Devtools property defaults active! Set 'spring.devtools.add-properties' to 'false' to disable
2023-06-05 22:52:18.212 INFO  o.s.b.d.env.DevToolsPropertyDefaultsPostProcessor :250  [32m                  [0;39m For additional web related logging consider setting the 'logging.level.web' property to 'DEBUG'
2023-06-05 22:52:18.799 INFO  o.springframework.cloud.context.scope.GenericScope:282  [32m                  [0;39m BeanFactory id=887e33d2-1080-3bbd-ae58-c1a8d69d6f9c
2023-06-05 22:52:19.385 INFO  o.s.boot.web.embedded.tomcat.TomcatWebServer      :114  [32m                  [0;39m Tomcat initialized with port(s): 8080 (http)
2023-06-05 22:52:19.394 INFO  org.apache.coyote.http11.Http11NioProtocol        :173  [32m                  [0;39m Initializing ProtocolHandler ["http-nio-8080"]
2023-06-05 22:52:19.395 INFO  org.apache.catalina.core.StandardService          :173  [32m                  [0;39m Starting service [Tomcat]
2023-06-05 22:52:19.396 INFO  org.apache.catalina.core.StandardEngine           :173  [32m                  [0;39m Starting Servlet engine: [Apache Tomcat/10.1.1]
2023-06-05 22:52:19.453 INFO  o.a.c.core.ContainerBase.[Tomcat].[localhost].[/] :173  [32m                  [0;39m Initializing Spring embedded WebApplicationContext
2023-06-05 22:52:19.453 INFO  o.s.b.w.s.c.ServletWebServerApplicationContext    :291  [32m                  [0;39m Root WebApplicationContext: initialization completed in 1240 ms
2023-06-05 22:52:32.219 INFO  o.s.b.d.autoconfigure.OptionalLiveReloadServer    :59   [32m                  [0;39m LiveReload server is running on port 35729
2023-06-05 22:52:32.288 INFO  org.apache.coyote.http11.Http11NioProtocol        :173  [32m                  [0;39m Starting ProtocolHandler ["http-nio-8080"]
2023-06-05 22:52:32.310 INFO  o.s.boot.web.embedded.tomcat.TomcatWebServer      :226  [32m                  [0;39m Tomcat started on port(s): 8080 (http) with context path ''
2023-06-05 22:52:32.324 INFO  com.example.member.MemberApplication              :57   [32m                  [0;39m Started MemberApplication in 14.559 seconds (process running for 15.534)
2023-06-05 22:52:42.968 INFO  o.a.c.core.ContainerBase.[Tomcat].[localhost].[/] :173  [32m                  [0;39m Initializing Spring DispatcherServlet 'dispatcherServlet'
2023-06-05 22:52:42.969 INFO  org.springframework.web.servlet.DispatcherServlet :525  [32m                  [0;39m Initializing Servlet 'dispatcherServlet'
2023-06-05 22:52:42.970 INFO  org.springframework.web.servlet.DispatcherServlet :547  [32m                  [0;39m Completed initialization in 1 ms
2023-06-05 22:58:07.564 INFO  com.example.member.MemberApplication              :51   [32m                  [0;39m Starting MemberApplication using Java 17.0.7 with PID 6559 (/Users/liuyimin/IdeaProjects/trainy/member/target/classes started by liuyimin in /Users/liuyimin/IdeaProjects/trainy)
2023-06-05 22:58:07.567 INFO  com.example.member.MemberApplication              :630  [32m                  [0;39m No active profile set, falling back to 1 default profile: "default"
2023-06-05 22:58:07.611 INFO  o.s.b.d.env.DevToolsPropertyDefaultsPostProcessor :250  [32m                  [0;39m Devtools property defaults active! Set 'spring.devtools.add-properties' to 'false' to disable
2023-06-05 22:58:07.612 INFO  o.s.b.d.env.DevToolsPropertyDefaultsPostProcessor :250  [32m                  [0;39m For additional web related logging consider setting the 'logging.level.web' property to 'DEBUG'
2023-06-05 22:58:08.264 INFO  o.springframework.cloud.context.scope.GenericScope:282  [32m                  [0;39m BeanFactory id=887e33d2-1080-3bbd-ae58-c1a8d69d6f9c
2023-06-05 22:58:08.901 INFO  o.s.boot.web.embedded.tomcat.TomcatWebServer      :114  [32m                  [0;39m Tomcat initialized with port(s): 8080 (http)
2023-06-05 22:58:08.910 INFO  org.apache.coyote.http11.Http11NioProtocol        :173  [32m                  [0;39m Initializing ProtocolHandler ["http-nio-8080"]
2023-06-05 22:58:08.911 INFO  org.apache.catalina.core.StandardService          :173  [32m                  [0;39m Starting service [Tomcat]
2023-06-05 22:58:08.911 INFO  org.apache.catalina.core.StandardEngine           :173  [32m                  [0;39m Starting Servlet engine: [Apache Tomcat/10.1.1]
2023-06-05 22:58:08.965 INFO  o.a.c.core.ContainerBase.[Tomcat].[localhost].[/] :173  [32m                  [0;39m Initializing Spring embedded WebApplicationContext
2023-06-05 22:58:08.966 INFO  o.s.b.w.s.c.ServletWebServerApplicationContext    :291  [32m                  [0;39m Root WebApplicationContext: initialization completed in 1353 ms
2023-06-05 22:58:09.519 INFO  o.s.b.d.autoconfigure.OptionalLiveReloadServer    :59   [32m                  [0;39m LiveReload server is running on port 35729
2023-06-05 22:58:09.595 INFO  org.apache.coyote.http11.Http11NioProtocol        :173  [32m                  [0;39m Starting ProtocolHandler ["http-nio-8080"]
2023-06-05 22:58:09.617 INFO  o.s.boot.web.embedded.tomcat.TomcatWebServer      :226  [32m                  [0;39m Tomcat started on port(s): 8080 (http) with context path ''
2023-06-05 22:58:09.630 INFO  com.example.member.MemberApplication              :57   [32m                  [0;39m Started MemberApplication in 2.486 seconds (process running for 3.422)
2023-06-05 22:58:12.810 INFO  o.a.c.core.ContainerBase.[Tomcat].[localhost].[/] :173  [32m                  [0;39m Initializing Spring DispatcherServlet 'dispatcherServlet'
2023-06-05 22:58:12.811 INFO  org.springframework.web.servlet.DispatcherServlet :525  [32m                  [0;39m Initializing Servlet 'dispatcherServlet'
2023-06-05 22:58:12.813 INFO  org.springframework.web.servlet.DispatcherServlet :547  [32m                  [0;39m Completed initialization in 2 ms
2023-06-05 22:58:15.483 INFO  com.example.common.aop.LogAspect                  :47   [32m                  [0;39m ------------- 开始 -------------
2023-06-05 22:58:15.484 INFO  com.example.common.aop.LogAspect                  :48   [32m                  [0;39m 请求地址: http://localhost:8080/test/hello GET
2023-06-05 22:58:15.487 INFO  com.example.common.aop.LogAspect                  :49   [32m                  [0;39m 类名方法: com.example.member.controller.TestController.hello
2023-06-05 22:58:15.488 INFO  com.example.common.aop.LogAspect                  :50   [32m                  [0;39m 远程地址: 127.0.0.1
2023-06-05 22:58:15.537 INFO  com.example.common.aop.LogAspect                  :71   [32m                  [0;39m 请求参数: []
2023-06-05 22:58:15.539 INFO  com.example.common.aop.LogAspect                  :83   [32m                  [0;39m 返回结果: "hello"
2023-06-05 22:58:15.539 INFO  com.example.common.aop.LogAspect                  :84   [32m                  [0;39m ------------- 耗时：2685 ms -------------
2023-06-05 22:59:44.559 INFO  o.s.b.d.a.LocalDevToolsAutoConfiguration$RestartingClassPathChangeChangedEventListener:211  [32m                  [0;39m Restarting due to 1 class path change (0 additions, 0 deletions, 1 modification)
2023-06-05 22:59:45.581 INFO  org.apache.coyote.http11.Http11NioProtocol        :173  [32m                  [0;39m Pausing ProtocolHandler ["http-nio-8080"]
2023-06-05 22:59:45.582 WARN  org.apache.tomcat.util.net.NioEndpoint            :173  [32m                  [0;39m Failed to unlock acceptor for [http-nio-8080] because the local address was not available
2023-06-05 22:59:45.583 INFO  org.apache.catalina.core.StandardService          :173  [32m                  [0;39m Stopping service [Tomcat]
2023-06-05 22:59:45.586 INFO  o.a.c.core.ContainerBase.[Tomcat].[localhost].[/] :173  [32m                  [0;39m Destroying Spring FrameworkServlet 'dispatcherServlet'
2023-06-05 22:59:45.582 ERROR org.apache.tomcat.util.net.Acceptor               :175  [32m                  [0;39m Socket accept failed
java.nio.channels.AsynchronousCloseException: null
	at java.base/java.nio.channels.spi.AbstractInterruptibleChannel.end(AbstractInterruptibleChannel.java:202)
	at java.base/sun.nio.ch.ServerSocketChannelImpl.end(ServerSocketChannelImpl.java:376)
	at java.base/sun.nio.ch.ServerSocketChannelImpl.accept(ServerSocketChannelImpl.java:399)
	at org.apache.tomcat.util.net.NioEndpoint.serverSocketAccept(NioEndpoint.java:520)
	at org.apache.tomcat.util.net.NioEndpoint.serverSocketAccept(NioEndpoint.java:79)
	at org.apache.tomcat.util.net.Acceptor.run(Acceptor.java:128)
	at java.base/java.lang.Thread.run(Thread.java:833)
2023-06-05 22:59:45.595 INFO  org.apache.coyote.http11.Http11NioProtocol        :173  [32m                  [0;39m Stopping ProtocolHandler ["http-nio-8080"]
2023-06-05 22:59:45.600 INFO  org.apache.coyote.http11.Http11NioProtocol        :173  [32m                  [0;39m Destroying ProtocolHandler ["http-nio-8080"]
2023-06-05 22:59:45.672 INFO  com.example.member.MemberApplication              :51   [32m                  [0;39m Starting MemberApplication using Java 17.0.7 with PID 6559 (/Users/liuyimin/IdeaProjects/trainy/member/target/classes started by liuyimin in /Users/liuyimin/IdeaProjects/trainy)
2023-06-05 22:59:45.672 INFO  com.example.member.MemberApplication              :630  [32m                  [0;39m No active profile set, falling back to 1 default profile: "default"
2023-06-05 22:59:45.851 INFO  o.springframework.cloud.context.scope.GenericScope:282  [32m                  [0;39m BeanFactory id=887e33d2-1080-3bbd-ae58-c1a8d69d6f9c
2023-06-05 22:59:45.956 INFO  o.s.boot.web.embedded.tomcat.TomcatWebServer      :114  [32m                  [0;39m Tomcat initialized with port(s): 8080 (http)
2023-06-05 22:59:45.957 INFO  org.apache.coyote.http11.Http11NioProtocol        :173  [32m                  [0;39m Initializing ProtocolHandler ["http-nio-8080"]
2023-06-05 22:59:45.957 INFO  org.apache.catalina.core.StandardService          :173  [32m                  [0;39m Starting service [Tomcat]
2023-06-05 22:59:45.957 INFO  org.apache.catalina.core.StandardEngine           :173  [32m                  [0;39m Starting Servlet engine: [Apache Tomcat/10.1.1]
2023-06-05 22:59:45.969 INFO  o.a.c.core.ContainerBase.[Tomcat].[localhost].[/] :173  [32m                  [0;39m Initializing Spring embedded WebApplicationContext
2023-06-05 22:59:45.970 INFO  o.s.b.w.s.c.ServletWebServerApplicationContext    :291  [32m                  [0;39m Root WebApplicationContext: initialization completed in 292 ms
2023-06-05 22:59:46.187 INFO  o.s.b.d.autoconfigure.OptionalLiveReloadServer    :59   [32m                  [0;39m LiveReload server is running on port 35729
2023-06-05 22:59:46.220 INFO  org.apache.coyote.http11.Http11NioProtocol        :173  [32m                  [0;39m Starting ProtocolHandler ["http-nio-8080"]
2023-06-05 22:59:46.225 INFO  o.s.boot.web.embedded.tomcat.TomcatWebServer      :226  [32m                  [0;39m Tomcat started on port(s): 8080 (http) with context path ''
2023-06-05 22:59:46.231 INFO  com.example.member.MemberApplication              :57   [32m                  [0;39m Started MemberApplication in 0.591 seconds (process running for 100.023)
2023-06-05 22:59:46.233 INFO  o.s.b.d.a.ConditionEvaluationDeltaLoggingListener :63   [32m                  [0;39m Condition evaluation unchanged
2023-06-05 22:59:50.982 INFO  o.a.c.core.ContainerBase.[Tomcat].[localhost].[/] :173  [32m                  [0;39m Initializing Spring DispatcherServlet 'dispatcherServlet'
2023-06-05 22:59:50.983 INFO  org.springframework.web.servlet.DispatcherServlet :525  [32m                  [0;39m Initializing Servlet 'dispatcherServlet'
2023-06-05 22:59:50.983 INFO  org.springframework.web.servlet.DispatcherServlet :547  [32m                  [0;39m Completed initialization in 0 ms
2023-06-05 22:59:54.687 INFO  com.example.common.aop.LogAspect                  :47   [32m                  [0;39m ------------- 开始 -------------
2023-06-05 22:59:54.688 INFO  com.example.common.aop.LogAspect                  :48   [32m                  [0;39m 请求地址: http://localhost:8080/test/hello GET
2023-06-05 22:59:54.689 INFO  com.example.common.aop.LogAspect                  :49   [32m                  [0;39m 类名方法: com.example.member.controller.TestController.hello
2023-06-05 22:59:54.689 INFO  com.example.common.aop.LogAspect                  :50   [32m                  [0;39m 远程地址: 127.0.0.1
2023-06-05 22:59:54.691 INFO  com.example.common.aop.LogAspect                  :71   [32m                  [0;39m 请求参数: []
2023-06-05 22:59:54.698 ERROR o.a.c.c.C.[.[localhost].[/].[dispatcherServlet]   :175  [32m                  [0;39m Servlet.service() for servlet [dispatcherServlet] in context with path [] threw exception [Request processing failed: java.lang.ArithmeticException: / by zero] with root cause
java.lang.ArithmeticException: / by zero
	at com.example.common.TestUtil.test(TestUtil.java:6)
	at com.example.member.controller.TestController.hello(TestController.java:12)
	at java.base/jdk.internal.reflect.NativeMethodAccessorImpl.invoke0(Native Method)
	at java.base/jdk.internal.reflect.NativeMethodAccessorImpl.invoke(NativeMethodAccessorImpl.java:77)
	at java.base/jdk.internal.reflect.DelegatingMethodAccessorImpl.invoke(DelegatingMethodAccessorImpl.java:43)
	at java.base/java.lang.reflect.Method.invoke(Method.java:568)
	at org.springframework.aop.support.AopUtils.invokeJoinpointUsingReflection(AopUtils.java:343)
	at org.springframework.aop.framework.ReflectiveMethodInvocation.invokeJoinpoint(ReflectiveMethodInvocation.java:196)
	at org.springframework.aop.framework.ReflectiveMethodInvocation.proceed(ReflectiveMethodInvocation.java:163)
	at org.springframework.aop.framework.CglibAopProxy$CglibMethodInvocation.proceed(CglibAopProxy.java:752)
	at org.springframework.aop.framework.adapter.MethodBeforeAdviceInterceptor.invoke(MethodBeforeAdviceInterceptor.java:58)
	at org.springframework.aop.framework.ReflectiveMethodInvocation.proceed(ReflectiveMethodInvocation.java:184)
	at org.springframework.aop.framework.CglibAopProxy$CglibMethodInvocation.proceed(CglibAopProxy.java:752)
	at org.springframework.aop.aspectj.MethodInvocationProceedingJoinPoint.proceed(MethodInvocationProceedingJoinPoint.java:89)
	at com.example.common.aop.LogAspect.doAround(LogAspect.java:77)
	at java.base/jdk.internal.reflect.NativeMethodAccessorImpl.invoke0(Native Method)
	at java.base/jdk.internal.reflect.NativeMethodAccessorImpl.invoke(NativeMethodAccessorImpl.java:77)
	at java.base/jdk.internal.reflect.DelegatingMethodAccessorImpl.invoke(DelegatingMethodAccessorImpl.java:43)
	at java.base/java.lang.reflect.Method.invoke(Method.java:568)
	at org.springframework.aop.aspectj.AbstractAspectJAdvice.invokeAdviceMethodWithGivenArgs(AbstractAspectJAdvice.java:633)
	at org.springframework.aop.aspectj.AbstractAspectJAdvice.invokeAdviceMethod(AbstractAspectJAdvice.java:623)
	at org.springframework.aop.aspectj.AspectJAroundAdvice.invoke(AspectJAroundAdvice.java:71)
	at org.springframework.aop.framework.ReflectiveMethodInvocation.proceed(ReflectiveMethodInvocation.java:184)
	at org.springframework.aop.framework.CglibAopProxy$CglibMethodInvocation.proceed(CglibAopProxy.java:752)
	at org.springframework.aop.interceptor.ExposeInvocationInterceptor.invoke(ExposeInvocationInterceptor.java:97)
	at org.springframework.aop.framework.ReflectiveMethodInvocation.proceed(ReflectiveMethodInvocation.java:184)
	at org.springframework.aop.framework.CglibAopProxy$CglibMethodInvocation.proceed(CglibAopProxy.java:752)
	at org.springframework.aop.framework.CglibAopProxy$DynamicAdvisedInterceptor.intercept(CglibAopProxy.java:703)
	at com.example.member.controller.TestController$$SpringCGLIB$$0.hello(<generated>)
	at java.base/jdk.internal.reflect.NativeMethodAccessorImpl.invoke0(Native Method)
	at java.base/jdk.internal.reflect.NativeMethodAccessorImpl.invoke(NativeMethodAccessorImpl.java:77)
	at java.base/jdk.internal.reflect.DelegatingMethodAccessorImpl.invoke(DelegatingMethodAccessorImpl.java:43)
	at java.base/java.lang.reflect.Method.invoke(Method.java:568)
	at org.springframework.web.method.support.InvocableHandlerMethod.doInvoke(InvocableHandlerMethod.java:207)
	at org.springframework.web.method.support.InvocableHandlerMethod.invokeForRequest(InvocableHandlerMethod.java:152)
	at org.springframework.web.servlet.mvc.method.annotation.ServletInvocableHandlerMethod.invokeAndHandle(ServletInvocableHandlerMethod.java:117)
	at org.springframework.web.servlet.mvc.method.annotation.RequestMappingHandlerAdapter.invokeHandlerMethod(RequestMappingHandlerAdapter.java:884)
	at org.springframework.web.servlet.mvc.method.annotation.RequestMappingHandlerAdapter.handleInternal(RequestMappingHandlerAdapter.java:797)
	at org.springframework.web.servlet.mvc.method.AbstractHandlerMethodAdapter.handle(AbstractHandlerMethodAdapter.java:87)
	at org.springframework.web.servlet.DispatcherServlet.doDispatch(DispatcherServlet.java:1080)
	at org.springframework.web.servlet.DispatcherServlet.doService(DispatcherServlet.java:973)
	at org.springframework.web.servlet.FrameworkServlet.processRequest(FrameworkServlet.java:1003)
	at org.springframework.web.servlet.FrameworkServlet.doGet(FrameworkServlet.java:895)
	at jakarta.servlet.http.HttpServlet.service(HttpServlet.java:705)
	at org.springframework.web.servlet.FrameworkServlet.service(FrameworkServlet.java:880)
	at jakarta.servlet.http.HttpServlet.service(HttpServlet.java:814)
	at org.apache.catalina.core.ApplicationFilterChain.internalDoFilter(ApplicationFilterChain.java:223)
	at org.apache.catalina.core.ApplicationFilterChain.doFilter(ApplicationFilterChain.java:158)
	at org.apache.tomcat.websocket.server.WsFilter.doFilter(WsFilter.java:53)
	at org.apache.catalina.core.ApplicationFilterChain.internalDoFilter(ApplicationFilterChain.java:185)
	at org.apache.catalina.core.ApplicationFilterChain.doFilter(ApplicationFilterChain.java:158)
	at org.springframework.web.filter.RequestContextFilter.doFilterInternal(RequestContextFilter.java:100)
	at org.springframework.web.filter.OncePerRequestFilter.doFilter(OncePerRequestFilter.java:116)
	at org.apache.catalina.core.ApplicationFilterChain.internalDoFilter(ApplicationFilterChain.java:185)
	at org.apache.catalina.core.ApplicationFilterChain.doFilter(ApplicationFilterChain.java:158)
	at org.springframework.web.filter.FormContentFilter.doFilterInternal(FormContentFilter.java:93)
	at org.springframework.web.filter.OncePerRequestFilter.doFilter(OncePerRequestFilter.java:116)
	at org.apache.catalina.core.ApplicationFilterChain.internalDoFilter(ApplicationFilterChain.java:185)
	at org.apache.catalina.core.ApplicationFilterChain.doFilter(ApplicationFilterChain.java:158)
	at org.springframework.web.filter.CharacterEncodingFilter.doFilterInternal(CharacterEncodingFilter.java:201)
	at org.springframework.web.filter.OncePerRequestFilter.doFilter(OncePerRequestFilter.java:116)
	at org.apache.catalina.core.ApplicationFilterChain.internalDoFilter(ApplicationFilterChain.java:185)
	at org.apache.catalina.core.ApplicationFilterChain.doFilter(ApplicationFilterChain.java:158)
	at org.apache.catalina.core.StandardWrapperValve.invoke(StandardWrapperValve.java:197)
	at org.apache.catalina.core.StandardContextValve.invoke(StandardContextValve.java:97)
	at org.apache.catalina.authenticator.AuthenticatorBase.invoke(AuthenticatorBase.java:542)
	at org.apache.catalina.core.StandardHostValve.invoke(StandardHostValve.java:119)
	at org.apache.catalina.valves.ErrorReportValve.invoke(ErrorReportValve.java:92)
	at org.apache.catalina.core.StandardEngineValve.invoke(StandardEngineValve.java:78)
	at org.apache.catalina.connector.CoyoteAdapter.service(CoyoteAdapter.java:357)
	at org.apache.coyote.http11.Http11Processor.service(Http11Processor.java:400)
	at org.apache.coyote.AbstractProcessorLight.process(AbstractProcessorLight.java:65)
	at org.apache.coyote.AbstractProtocol$ConnectionHandler.process(AbstractProtocol.java:861)
	at org.apache.tomcat.util.net.NioEndpoint$SocketProcessor.doRun(NioEndpoint.java:1739)
	at org.apache.tomcat.util.net.SocketProcessorBase.run(SocketProcessorBase.java:52)
	at org.apache.tomcat.util.threads.ThreadPoolExecutor.runWorker(ThreadPoolExecutor.java:1191)
	at org.apache.tomcat.util.threads.ThreadPoolExecutor$Worker.run(ThreadPoolExecutor.java:659)
	at org.apache.tomcat.util.threads.TaskThread$WrappingRunnable.run(TaskThread.java:61)
	at java.base/java.lang.Thread.run(Thread.java:833)
2023-06-05 23:00:53.781 INFO  com.example.member.MemberApplication              :51   [32m                  [0;39m Starting MemberApplication using Java 17.0.7 with PID 6577 (/Users/liuyimin/IdeaProjects/trainy/member/target/classes started by liuyimin in /Users/liuyimin/IdeaProjects/trainy)
2023-06-05 23:00:53.784 INFO  com.example.member.MemberApplication              :630  [32m                  [0;39m No active profile set, falling back to 1 default profile: "default"
2023-06-05 23:00:53.827 INFO  o.s.b.d.env.DevToolsPropertyDefaultsPostProcessor :250  [32m                  [0;39m Devtools property defaults active! Set 'spring.devtools.add-properties' to 'false' to disable
2023-06-05 23:00:53.828 INFO  o.s.b.d.env.DevToolsPropertyDefaultsPostProcessor :250  [32m                  [0;39m For additional web related logging consider setting the 'logging.level.web' property to 'DEBUG'
2023-06-05 23:00:54.413 INFO  o.springframework.cloud.context.scope.GenericScope:282  [32m                  [0;39m BeanFactory id=c545491f-1cc6-3f82-9048-c2599dba5c63
2023-06-05 23:00:55.007 INFO  o.s.boot.web.embedded.tomcat.TomcatWebServer      :114  [32m                  [0;39m Tomcat initialized with port(s): 8080 (http)
2023-06-05 23:00:55.018 INFO  org.apache.coyote.http11.Http11NioProtocol        :173  [32m                  [0;39m Initializing ProtocolHandler ["http-nio-8080"]
2023-06-05 23:00:55.019 INFO  org.apache.catalina.core.StandardService          :173  [32m                  [0;39m Starting service [Tomcat]
2023-06-05 23:00:55.019 INFO  org.apache.catalina.core.StandardEngine           :173  [32m                  [0;39m Starting Servlet engine: [Apache Tomcat/10.1.1]
2023-06-05 23:00:55.077 INFO  o.a.c.core.ContainerBase.[Tomcat].[localhost].[/] :173  [32m                  [0;39m Initializing Spring embedded WebApplicationContext
2023-06-05 23:00:55.078 INFO  o.s.b.w.s.c.ServletWebServerApplicationContext    :291  [32m                  [0;39m Root WebApplicationContext: initialization completed in 1249 ms
2023-06-05 23:00:55.588 INFO  o.s.b.d.autoconfigure.OptionalLiveReloadServer    :59   [32m                  [0;39m LiveReload server is running on port 35729
2023-06-05 23:00:55.651 INFO  org.apache.coyote.http11.Http11NioProtocol        :173  [32m                  [0;39m Starting ProtocolHandler ["http-nio-8080"]
2023-06-05 23:00:55.669 INFO  o.s.boot.web.embedded.tomcat.TomcatWebServer      :226  [32m                  [0;39m Tomcat started on port(s): 8080 (http) with context path ''
2023-06-05 23:00:55.680 INFO  com.example.member.MemberApplication              :57   [32m                  [0;39m Started MemberApplication in 2.293 seconds (process running for 3.203)
2023-06-05 23:01:09.084 INFO  o.a.c.core.ContainerBase.[Tomcat].[localhost].[/] :173  [32m                  [0;39m Initializing Spring DispatcherServlet 'dispatcherServlet'
2023-06-05 23:01:09.085 INFO  org.springframework.web.servlet.DispatcherServlet :525  [32m                  [0;39m Initializing Servlet 'dispatcherServlet'
2023-06-05 23:01:09.086 INFO  org.springframework.web.servlet.DispatcherServlet :547  [32m                  [0;39m Completed initialization in 1 ms
2023-06-05 23:01:09.126 INFO  com.example.common.aop.LogAspect                  :47   [32m                  [0;39m ------------- 开始 -------------
2023-06-05 23:01:09.127 INFO  com.example.common.aop.LogAspect                  :48   [32m                  [0;39m 请求地址: http://localhost:8080/test/hello GET
2023-06-05 23:01:09.131 INFO  com.example.common.aop.LogAspect                  :49   [32m                  [0;39m 类名方法: com.example.member.controller.TestController.hello
2023-06-05 23:01:09.131 INFO  com.example.common.aop.LogAspect                  :50   [32m                  [0;39m 远程地址: 127.0.0.1
2023-06-05 23:01:09.185 INFO  com.example.common.aop.LogAspect                  :71   [32m                  [0;39m 请求参数: []
2023-06-05 23:01:12.390 WARN  o.s.w.s.m.m.a.ExceptionHandlerExceptionResolver   :207  [32m                  [0;39m Resolved [java.lang.ArithmeticException: / by zero]
2023-06-05 23:03:51.665 INFO  com.example.member.MemberApplication              :51   [32m                  [0;39m Starting MemberApplication using Java 17.0.7 with PID 6596 (/Users/liuyimin/IdeaProjects/trainy/member/target/classes started by liuyimin in /Users/liuyimin/IdeaProjects/trainy)
2023-06-05 23:03:51.667 INFO  com.example.member.MemberApplication              :630  [32m                  [0;39m No active profile set, falling back to 1 default profile: "default"
2023-06-05 23:03:51.712 INFO  o.s.b.d.env.DevToolsPropertyDefaultsPostProcessor :250  [32m                  [0;39m Devtools property defaults active! Set 'spring.devtools.add-properties' to 'false' to disable
2023-06-05 23:03:51.713 INFO  o.s.b.d.env.DevToolsPropertyDefaultsPostProcessor :250  [32m                  [0;39m For additional web related logging consider setting the 'logging.level.web' property to 'DEBUG'
2023-06-05 23:03:52.307 INFO  o.springframework.cloud.context.scope.GenericScope:282  [32m                  [0;39m BeanFactory id=8fe2a7e1-c307-34ed-87ca-c85df791218e
2023-06-05 23:03:52.890 INFO  o.s.boot.web.embedded.tomcat.TomcatWebServer      :114  [32m                  [0;39m Tomcat initialized with port(s): 8080 (http)
2023-06-05 23:03:52.900 INFO  org.apache.coyote.http11.Http11NioProtocol        :173  [32m                  [0;39m Initializing ProtocolHandler ["http-nio-8080"]
2023-06-05 23:03:52.901 INFO  org.apache.catalina.core.StandardService          :173  [32m                  [0;39m Starting service [Tomcat]
2023-06-05 23:03:52.901 INFO  org.apache.catalina.core.StandardEngine           :173  [32m                  [0;39m Starting Servlet engine: [Apache Tomcat/10.1.1]
2023-06-05 23:03:52.954 INFO  o.a.c.core.ContainerBase.[Tomcat].[localhost].[/] :173  [32m                  [0;39m Initializing Spring embedded WebApplicationContext
2023-06-05 23:03:52.954 INFO  o.s.b.w.s.c.ServletWebServerApplicationContext    :291  [32m                  [0;39m Root WebApplicationContext: initialization completed in 1240 ms
2023-06-05 23:03:53.444 INFO  o.s.b.d.autoconfigure.OptionalLiveReloadServer    :59   [32m                  [0;39m LiveReload server is running on port 35729
2023-06-05 23:03:53.516 INFO  org.apache.coyote.http11.Http11NioProtocol        :173  [32m                  [0;39m Starting ProtocolHandler ["http-nio-8080"]
2023-06-05 23:03:53.535 INFO  o.s.boot.web.embedded.tomcat.TomcatWebServer      :226  [32m                  [0;39m Tomcat started on port(s): 8080 (http) with context path ''
2023-06-05 23:03:53.547 INFO  com.example.member.MemberApplication              :57   [32m                  [0;39m Started MemberApplication in 2.285 seconds (process running for 3.15)
2023-06-05 23:04:12.236 INFO  o.a.c.core.ContainerBase.[Tomcat].[localhost].[/] :173  [32m                  [0;39m Initializing Spring DispatcherServlet 'dispatcherServlet'
2023-06-05 23:04:12.237 INFO  org.springframework.web.servlet.DispatcherServlet :525  [32m                  [0;39m Initializing Servlet 'dispatcherServlet'
2023-06-05 23:04:12.238 INFO  org.springframework.web.servlet.DispatcherServlet :547  [32m                  [0;39m Completed initialization in 1 ms
2023-06-05 23:04:12.271 INFO  com.example.common.aop.LogAspect                  :47   [32m                  [0;39m ------------- 开始 -------------
2023-06-05 23:04:12.272 INFO  com.example.common.aop.LogAspect                  :48   [32m                  [0;39m 请求地址: http://localhost:8080/test/hello GET
2023-06-05 23:04:12.274 INFO  com.example.common.aop.LogAspect                  :49   [32m                  [0;39m 类名方法: com.example.member.controller.TestController.hello
2023-06-05 23:04:12.274 INFO  com.example.common.aop.LogAspect                  :50   [32m                  [0;39m 远程地址: 127.0.0.1
2023-06-05 23:04:12.319 INFO  com.example.common.aop.LogAspect                  :71   [32m                  [0;39m 请求参数: []
2023-06-05 23:04:12.380 WARN  o.s.w.s.m.m.a.ExceptionHandlerExceptionResolver   :207  [32m                  [0;39m Resolved [java.lang.ArithmeticException: / by zero]
2023-06-05 23:04:22.717 INFO  com.example.common.aop.LogAspect                  :47   [32m                  [0;39m ------------- 开始 -------------
2023-06-05 23:04:22.717 INFO  com.example.common.aop.LogAspect                  :48   [32m                  [0;39m 请求地址: http://localhost:8080/test/hello GET
2023-06-05 23:04:22.718 INFO  com.example.common.aop.LogAspect                  :49   [32m                  [0;39m 类名方法: com.example.member.controller.TestController.hello
2023-06-05 23:04:22.718 INFO  com.example.common.aop.LogAspect                  :50   [32m                  [0;39m 远程地址: 127.0.0.1
2023-06-05 23:04:22.719 INFO  com.example.common.aop.LogAspect                  :71   [32m                  [0;39m 请求参数: []
2023-06-05 23:04:24.660 WARN  o.s.w.s.m.m.a.ExceptionHandlerExceptionResolver   :207  [32m                  [0;39m Resolved [java.lang.ArithmeticException: / by zero]
2023-06-05 23:06:04.830 INFO  com.example.member.MemberApplication              :51   [32m                  [0;39m Starting MemberApplication using Java 17.0.7 with PID 6617 (/Users/liuyimin/IdeaProjects/trainy/member/target/classes started by liuyimin in /Users/liuyimin/IdeaProjects/trainy)
2023-06-05 23:06:04.832 INFO  com.example.member.MemberApplication              :630  [32m                  [0;39m No active profile set, falling back to 1 default profile: "default"
2023-06-05 23:06:04.872 INFO  o.s.b.d.env.DevToolsPropertyDefaultsPostProcessor :250  [32m                  [0;39m Devtools property defaults active! Set 'spring.devtools.add-properties' to 'false' to disable
2023-06-05 23:06:04.873 INFO  o.s.b.d.env.DevToolsPropertyDefaultsPostProcessor :250  [32m                  [0;39m For additional web related logging consider setting the 'logging.level.web' property to 'DEBUG'
2023-06-05 23:06:05.473 INFO  o.springframework.cloud.context.scope.GenericScope:282  [32m                  [0;39m BeanFactory id=8fe2a7e1-c307-34ed-87ca-c85df791218e
2023-06-05 23:06:06.068 INFO  o.s.boot.web.embedded.tomcat.TomcatWebServer      :114  [32m                  [0;39m Tomcat initialized with port(s): 8001 (http)
2023-06-05 23:06:06.078 INFO  org.apache.coyote.http11.Http11NioProtocol        :173  [32m                  [0;39m Initializing ProtocolHandler ["http-nio-8001"]
2023-06-05 23:06:06.079 INFO  org.apache.catalina.core.StandardService          :173  [32m                  [0;39m Starting service [Tomcat]
2023-06-05 23:06:06.079 INFO  org.apache.catalina.core.StandardEngine           :173  [32m                  [0;39m Starting Servlet engine: [Apache Tomcat/10.1.1]
2023-06-05 23:06:06.140 INFO  o.a.c.c.C.[Tomcat].[localhost].[/member]          :173  [32m                  [0;39m Initializing Spring embedded WebApplicationContext
2023-06-05 23:06:06.141 INFO  o.s.b.w.s.c.ServletWebServerApplicationContext    :291  [32m                  [0;39m Root WebApplicationContext: initialization completed in 1268 ms
2023-06-05 23:06:06.677 INFO  o.s.b.d.autoconfigure.OptionalLiveReloadServer    :59   [32m                  [0;39m LiveReload server is running on port 35729
2023-06-05 23:06:06.739 INFO  org.apache.coyote.http11.Http11NioProtocol        :173  [32m                  [0;39m Starting ProtocolHandler ["http-nio-8001"]
2023-06-05 23:06:06.758 INFO  o.s.boot.web.embedded.tomcat.TomcatWebServer      :226  [32m                  [0;39m Tomcat started on port(s): 8001 (http) with context path '/member'
2023-06-05 23:06:06.770 INFO  com.example.member.MemberApplication              :57   [32m                  [0;39m Started MemberApplication in 2.337 seconds (process running for 3.272)
2023-06-05 23:06:21.107 INFO  o.a.c.c.C.[Tomcat].[localhost].[/member]          :173  [32m                  [0;39m Initializing Spring DispatcherServlet 'dispatcherServlet'
2023-06-05 23:06:21.108 INFO  org.springframework.web.servlet.DispatcherServlet :525  [32m                  [0;39m Initializing Servlet 'dispatcherServlet'
2023-06-05 23:06:21.110 INFO  org.springframework.web.servlet.DispatcherServlet :547  [32m                  [0;39m Completed initialization in 1 ms
2023-06-05 23:06:21.151 INFO  com.example.common.aop.LogAspect                  :47   [32m                  [0;39m ------------- 开始 -------------
2023-06-05 23:06:21.152 INFO  com.example.common.aop.LogAspect                  :48   [32m                  [0;39m 请求地址: http://localhost:8001/member/test/hello GET
2023-06-05 23:06:21.155 INFO  com.example.common.aop.LogAspect                  :49   [32m                  [0;39m 类名方法: com.example.member.controller.TestController.hello
2023-06-05 23:06:21.156 INFO  com.example.common.aop.LogAspect                  :50   [32m                  [0;39m 远程地址: 127.0.0.1
2023-06-05 23:06:21.206 INFO  com.example.common.aop.LogAspect                  :71   [32m                  [0;39m 请求参数: []
2023-06-05 23:06:24.313 WARN  o.s.w.s.m.m.a.ExceptionHandlerExceptionResolver   :207  [32m                  [0;39m Resolved [java.lang.ArithmeticException: / by zero]
2023-06-05 23:16:51.140 INFO  com.example.member.MemberApplication              :51   [32m                  [0;39m Starting MemberApplication using Java 17.0.7 with PID 6712 (/Users/liuyimin/IdeaProjects/trainy/member/target/classes started by liuyimin in /Users/liuyimin/IdeaProjects/trainy)
2023-06-05 23:16:51.143 INFO  com.example.member.MemberApplication              :630  [32m                  [0;39m No active profile set, falling back to 1 default profile: "default"
2023-06-05 23:16:51.187 INFO  o.s.b.d.env.DevToolsPropertyDefaultsPostProcessor :250  [32m                  [0;39m Devtools property defaults active! Set 'spring.devtools.add-properties' to 'false' to disable
2023-06-05 23:16:51.187 INFO  o.s.b.d.env.DevToolsPropertyDefaultsPostProcessor :250  [32m                  [0;39m For additional web related logging consider setting the 'logging.level.web' property to 'DEBUG'
2023-06-05 23:16:51.792 INFO  o.springframework.cloud.context.scope.GenericScope:282  [32m                  [0;39m BeanFactory id=8fe2a7e1-c307-34ed-87ca-c85df791218e
2023-06-05 23:16:52.376 INFO  o.s.boot.web.embedded.tomcat.TomcatWebServer      :114  [32m                  [0;39m Tomcat initialized with port(s): 8001 (http)
2023-06-05 23:16:52.385 INFO  org.apache.coyote.http11.Http11NioProtocol        :173  [32m                  [0;39m Initializing ProtocolHandler ["http-nio-8001"]
2023-06-05 23:16:52.386 INFO  org.apache.catalina.core.StandardService          :173  [32m                  [0;39m Starting service [Tomcat]
2023-06-05 23:16:52.387 INFO  org.apache.catalina.core.StandardEngine           :173  [32m                  [0;39m Starting Servlet engine: [Apache Tomcat/10.1.1]
2023-06-05 23:16:52.436 INFO  o.a.c.c.C.[Tomcat].[localhost].[/member]          :173  [32m                  [0;39m Initializing Spring embedded WebApplicationContext
2023-06-05 23:16:52.437 INFO  o.s.b.w.s.c.ServletWebServerApplicationContext    :291  [32m                  [0;39m Root WebApplicationContext: initialization completed in 1249 ms
2023-06-05 23:16:52.963 INFO  o.s.b.d.autoconfigure.OptionalLiveReloadServer    :59   [32m                  [0;39m LiveReload server is running on port 35729
2023-06-05 23:16:53.040 INFO  org.apache.coyote.http11.Http11NioProtocol        :173  [32m                  [0;39m Starting ProtocolHandler ["http-nio-8001"]
2023-06-05 23:16:53.062 INFO  o.s.boot.web.embedded.tomcat.TomcatWebServer      :226  [32m                  [0;39m Tomcat started on port(s): 8001 (http) with context path '/member'
2023-06-05 23:16:53.075 INFO  com.example.member.MemberApplication              :57   [32m                  [0;39m Started MemberApplication in 2.426 seconds (process running for 3.679)
